#
# A fatal error has been detected by the Java Runtime Environment:
#
#  EXCEPTION_ACCESS_VIOLATION (0xc0000005) at pc=0x00000000587ec0d9, pid=1076, tid=0x0000000000002034
#
# JRE version: OpenJDK Runtime Environment (8.0_76-b03) (build 1.8.0_76-release-b03)
# Java VM: OpenJDK 64-Bit Server VM (25.76-b03 mixed mode windows-amd64 compressed oops)
# Problematic frame:
# V  [jvm.dll+0x9c0d9]
#
# Failed to write core dump. Minidumps are not enabled by default on client versions of Windows
#
# If you would like to submit a bug report, please visit:
#   http://bugreport.java.com/bugreport/crash.jsp
#

---------------  T H R E A D  ---------------

Current thread (0x00000000205e9800):  JavaThread "pool-244-thread-1" [_thread_in_vm, id=8244, stack(0x000000004c780000,0x000000004c880000)]

siginfo: ExceptionCode=0xc0000005, reading address 0x0000000000000020

Registers:
RAX=0x0000000100014d70, RBX=0x0000000000000001, RCX=0x0000000040000200, RDX=0x0000000000000018
RSP=0x000000004c87d000, RBP=0x000000004c87d100, RSI=0x00000000205e9800, RDI=0x0000000000000008
R8 =0x0000000100014d70, R9 =0x0000000015c70dd0, R10=0x0000000015c70dd0, R11=0x0000000000000013
R12=0x000000004c87d1e0, R13=0x00000000205e9800, R14=0x0000000002b2bac0, R15=0x000000004c87db70
RIP=0x00000000587ec0d9, EFLAGS=0x0000000000010246

Top of Stack: (sp=0x000000004c87d000)
0x000000004c87d000:   0000000000000000 0000000000000000
0x000000004c87d010:   0000000000000000 00000000205e9800
0x000000004c87d020:   00000000205e9800 000000001b3dc290
0x000000004c87d030:   000000001ba74ae0 000000001ba74b00
0x000000004c87d040:   000000001ba74bc8 00000000000000d8
0x000000004c87d050:   000000004c87f6d8 000000004c87d330
0x000000004c87d060:   0000000000000000 00000000587e8f94
0x000000004c87d070:   0000000000000000 0000000000000000
0x000000004c87d080:   0000000000000000 000000004c87d330
0x000000004c87d090:   00000000205e9800 0000000000000001
0x000000004c87d0a0:   00000000205e9800 0000000000000000
0x000000004c87d0b0:   0000000000000000 0000000000000000
0x000000004c87d0c0:   0000000002b2bac0 000000001d243c50
0x000000004c87d0d0:   000000001d244028 00000000000003d8
0x000000004c87d0e0:   0000000000000000 0000000000000000
0x000000004c87d0f0:   0000000000000000 00000000205e9800 

Instructions: (pc=0x00000000587ec0d9)
0x00000000587ec0b9:   73 b9 00 00 48 89 7b 10 48 89 73 18 4c 89 73 20
0x00000000587ec0c9:   e9 8f 06 00 00 41 8b 50 0c 48 8b bd b0 00 00 00
0x00000000587ec0d9:   48 39 04 3a 0f 84 cf 00 00 00 83 fa 18 75 21 48
0x00000000587ec0e9:   8b d0 48 8b cf e8 0d 29 06 00 48 8b bd b0 00 00 


Register to memory mapping:

RAX=0x0000000100014d70 is pointing into metadata
RBX=0x0000000000000001 is an unknown value
RCX=0x0000000040000200 is an unknown value
RDX=0x0000000000000018 is an unknown value
RSP=0x000000004c87d000 is pointing into the stack for thread: 0x00000000205e9800
RBP=0x000000004c87d100 is pointing into the stack for thread: 0x00000000205e9800
RSI=0x00000000205e9800 is a thread
RDI=0x0000000000000008 is an unknown value
R8 =0x0000000100014d70 is pointing into metadata
R9 ={method} {0x0000000015c70dd8} 'iterator' '()Ljava/util/Iterator;' in 'java/util/Collection'
R10={method} {0x0000000015c70dd8} 'iterator' '()Ljava/util/Iterator;' in 'java/util/Collection'
R11=0x0000000000000013 is an unknown value
R12=0x000000004c87d1e0 is pointing into the stack for thread: 0x00000000205e9800
R13=0x00000000205e9800 is a thread
R14=0x0000000002b2bac0 is an unknown value
R15=0x000000004c87db70 is pointing into the stack for thread: 0x00000000205e9800


Stack: [0x000000004c780000,0x000000004c880000],  sp=0x000000004c87d000,  free space=1012k
Native frames: (J=compiled Java code, j=interpreted, Vv=VM code, C=native code)
V  [jvm.dll+0x9c0d9]
V  [jvm.dll+0x9d517]
V  [jvm.dll+0x9dd4a]
V  [jvm.dll+0x9e2d5]
V  [jvm.dll+0x204efe]
V  [jvm.dll+0x207bdd]
V  [jvm.dll+0x2083bf]
C  0x0000000002c25d1e

Java frames: (J=compiled Java code, j=interpreted, Vv=VM code)
v  ~RuntimeStub::ic_miss_stub
J 17902 C2 com.android.dx.ssa.SsaMethod.isRegALocal(Lcom/android/dx/rop/code/RegisterSpec;)Z (90 bytes) @ 0x0000000004a68a90 [0x0000000004a68980+0x110]
J 20665 C2 com.android.dx.ssa.LiteralOpUpgrader$1.visitNonMoveInsn(Lcom/android/dx/ssa/NormalSsaInsn;)V (203 bytes) @ 0x0000000004840d3c [0x0000000004840cc0+0x7c]
J 21135 C2 com.android.dx.ssa.Optimizer.runSsaFormSteps(Lcom/android/dx/ssa/SsaMethod;Ljava/util/EnumSet;)V (117 bytes) @ 0x000000000509b768 [0x000000000509b240+0x528]
J 22709 C2 com.android.dx.dex.cf.CfTranslator.processMethods(Lcom/android/dx/command/dexer/DxContext;Lcom/android/dx/cf/direct/DirectClassFile;Lcom/android/dx/dex/cf/CfOptions;Lcom/android/dx/dex/DexOptions;Lcom/android/dx/dex/file/ClassDefItem;Lcom/android/dx/dex/file/DexFile;)V (596 bytes) @ 0x0000000006a5f888 [0x0000000006a5eda0+0xae8]
J 18885 C2 com.android.dx.dex.cf.CfTranslator.translate0(Lcom/android/dx/command/dexer/DxContext;Lcom/android/dx/cf/direct/DirectClassFile;[BLcom/android/dx/dex/cf/CfOptions;Lcom/android/dx/dex/DexOptions;Lcom/android/dx/dex/file/DexFile;)Lcom/android/dx/dex/file/ClassDefItem; (265 bytes) @ 0x00000000060bd2d4 [0x00000000060bb920+0x19b4]
J 20794 C1 com.android.dx.dex.cf.CfTranslator.translate(Lcom/android/dx/command/dexer/DxContext;Lcom/android/dx/cf/direct/DirectClassFile;[BLcom/android/dx/dex/cf/CfOptions;Lcom/android/dx/dex/DexOptions;Lcom/android/dx/dex/file/DexFile;)Lcom/android/dx/dex/file/ClassDefItem; (46 bytes) @ 0x00000000056644e4 [0x0000000005664480+0x64]
J 20832 C1 com.android.dx.command.dexer.Main.translateClass([BLcom/android/dx/cf/direct/DirectClassFile;)Lcom/android/dx/dex/file/ClassDefItem; (86 bytes) @ 0x0000000003b5fb64 [0x0000000003b5fac0+0xa4]
J 20793 C1 com.android.dx.command.dexer.Main$ClassTranslatorTask.call()Ljava/lang/Object; (5 bytes) @ 0x000000000560f7b4 [0x000000000560f680+0x134]
J 19645 C2 java.util.concurrent.FutureTask.run()V (126 bytes) @ 0x0000000006195b0c [0x0000000006195a60+0xac]
J 18785 C1 java.util.concurrent.ThreadPoolExecutor.runWorker(Ljava/util/concurrent/ThreadPoolExecutor$Worker;)V (225 bytes) @ 0x00000000051f6ff4 [0x00000000051f6da0+0x254]
J 21087 C1 java.util.concurrent.ThreadPoolExecutor$Worker.run()V (9 bytes) @ 0x00000000039fb9c4 [0x00000000039fb8c0+0x104]
J 21047 C1 java.lang.Thread.run()V (17 bytes) @ 0x00000000049ed104 [0x00000000049ecfc0+0x144]
v  ~StubRoutines::call_stub

---------------  P R O C E S S  ---------------

Java Threads: ( => current thread )
  0x00000000205ea000 JavaThread "pool-245-thread-1" [_thread_blocked, id=6660, stack(0x000000004c880000,0x000000004c980000)]
=>0x00000000205e9800 JavaThread "pool-244-thread-1" [_thread_in_vm, id=8244, stack(0x000000004c780000,0x000000004c880000)]
  0x00000000205eb800 JavaThread "pool-243-thread-1" [_thread_blocked, id=7608, stack(0x000000004c680000,0x000000004c780000)]
  0x00000000205e0800 JavaThread "Stdin handler" [_thread_blocked, id=7904, stack(0x000000004c580000,0x000000004c680000)]
  0x00000000205e1000 JavaThread "Asynchronous log dispatcher for org.gradle.launcher.daemon.server.DefaultDaemonConnection@6e06a868" [_thread_blocked, id=4556, stack(0x000000004c480000,0x000000004c580000)]
  0x00000000205df000 JavaThread "Cancel handler" [_thread_blocked, id=4796, stack(0x000000004c380000,0x000000004c480000)]
  0x00000000205e4000 JavaThread "Handler for socket connection from /127.0.0.1:38493 to /127.0.0.1:5389" [_thread_in_native, id=7836, stack(0x000000004c280000,0x000000004c380000)]
  0x00000000205e7000 JavaThread "Daemon worker Thread 15" [_thread_blocked, id=8792, stack(0x000000004bf80000,0x000000004c080000)]
  0x00000000205e3800 JavaThread "Daemon Thread 15" [_thread_blocked, id=7344, stack(0x000000004bc80000,0x000000004bd80000)]
  0x0000000019b1e000 JavaThread "pool-8-thread-4" [_thread_blocked, id=8872, stack(0x0000000027e80000,0x0000000027f80000)]
  0x0000000019b17000 JavaThread "pool-8-thread-3" [_thread_blocked, id=6768, stack(0x0000000027d80000,0x0000000027e80000)]
  0x0000000019b1c800 JavaThread "stdout" daemon [_thread_in_native, id=8828, stack(0x0000000026e80000,0x0000000026f80000)]
  0x0000000019b1b800 JavaThread "stderr" daemon [_thread_in_native, id=8184, stack(0x0000000026d80000,0x0000000026e80000)]
  0x000000001fb8a000 JavaThread "stdout" daemon [_thread_in_native, id=3472, stack(0x0000000026c80000,0x0000000026d80000)]
  0x000000001fb8c800 JavaThread "stderr" daemon [_thread_in_native, id=4080, stack(0x0000000026b80000,0x0000000026c80000)]
  0x000000001fb89800 JavaThread "stdout" daemon [_thread_in_native, id=3020, stack(0x0000000026a80000,0x0000000026b80000)]
  0x000000001fb90000 JavaThread "stderr" daemon [_thread_in_native, id=7332, stack(0x0000000026980000,0x0000000026a80000)]
  0x000000001fb8d000 JavaThread "stdout" daemon [_thread_in_native, id=7176, stack(0x0000000026880000,0x0000000026980000)]
  0x000000001fb8f800 JavaThread "stderr" daemon [_thread_in_native, id=2732, stack(0x0000000026780000,0x0000000026880000)]
  0x000000001fb8b000 JavaThread "stdout" daemon [_thread_in_native, id=3164, stack(0x0000000026680000,0x0000000026780000)]
  0x000000001fb8e800 JavaThread "stderr" daemon [_thread_in_native, id=7776, stack(0x0000000026580000,0x0000000026680000)]
  0x000000001fb8b800 JavaThread "png-cruncher_10" daemon [_thread_blocked, id=1264, stack(0x0000000026480000,0x0000000026580000)]
  0x000000001fb8e000 JavaThread "png-cruncher_9" daemon [_thread_blocked, id=7580, stack(0x0000000026380000,0x0000000026480000)]
  0x000000001fb82000 JavaThread "png-cruncher_8" daemon [_thread_blocked, id=8832, stack(0x0000000026280000,0x0000000026380000)]
  0x000000001fb88800 JavaThread "png-cruncher_7" daemon [_thread_blocked, id=2480, stack(0x0000000026180000,0x0000000026280000)]
  0x000000001fb81000 JavaThread "png-cruncher_6" daemon [_thread_blocked, id=5980, stack(0x0000000026080000,0x0000000026180000)]
  0x000000001fb85000 JavaThread "stdout" daemon [_thread_in_native, id=7432, stack(0x0000000025f80000,0x0000000026080000)]
  0x000000001fb82800 JavaThread "stderr" daemon [_thread_in_native, id=1712, stack(0x0000000025e80000,0x0000000025f80000)]
  0x000000001fb83800 JavaThread "stdout" daemon [_thread_in_native, id=8732, stack(0x0000000025d80000,0x0000000025e80000)]
  0x000000001fb88000 JavaThread "stderr" daemon [_thread_in_native, id=2096, stack(0x0000000025c80000,0x0000000025d80000)]
  0x000000001fb87000 JavaThread "stdout" daemon [_thread_in_native, id=9768, stack(0x0000000025b80000,0x0000000025c80000)]
  0x000000001fb85800 JavaThread "stderr" daemon [_thread_in_native, id=4624, stack(0x0000000025a80000,0x0000000025b80000)]
  0x000000001fb84000 JavaThread "stdout" daemon [_thread_in_native, id=6096, stack(0x0000000025980000,0x0000000025a80000)]
  0x000000001fb86800 JavaThread "stderr" daemon [_thread_in_native, id=7416, stack(0x0000000025880000,0x0000000025980000)]
  0x0000000019c2a800 JavaThread "stdout" daemon [_thread_in_native, id=5164, stack(0x0000000025780000,0x0000000025880000)]
  0x0000000019c2c800 JavaThread "stderr" daemon [_thread_in_native, id=1444, stack(0x0000000025680000,0x0000000025780000)]
  0x0000000019c2b000 JavaThread "png-cruncher_5" daemon [_thread_blocked, id=10084, stack(0x0000000025580000,0x0000000025680000)]
  0x0000000019c29000 JavaThread "png-cruncher_4" daemon [_thread_blocked, id=2012, stack(0x0000000025480000,0x0000000025580000)]
  0x00000000207c4800 JavaThread "png-cruncher_3" daemon [_thread_blocked, id=4692, stack(0x0000000025380000,0x0000000025480000)]
  0x00000000207c4000 JavaThread "png-cruncher_2" daemon [_thread_blocked, id=3728, stack(0x0000000025280000,0x0000000025380000)]
  0x00000000207c6000 JavaThread "png-cruncher_1" daemon [_thread_blocked, id=5200, stack(0x0000000025180000,0x0000000025280000)]
  0x00000000207c5800 JavaThread "Java2D Disposer" daemon [_thread_blocked, id=7628, stack(0x0000000025080000,0x0000000025180000)]
  0x00000000207bc800 JavaThread "pool-8-thread-2" [_thread_blocked, id=6512, stack(0x0000000024380000,0x0000000024480000)]
  0x00000000207c1000 JavaThread "pool-8-thread-1" [_thread_blocked, id=8468, stack(0x0000000023d80000,0x0000000023e80000)]
  0x0000000019c2c000 JavaThread "File lock request listener" [_thread_in_native, id=5544, stack(0x000000001c180000,0x000000001c280000)]
  0x0000000019208800 JavaThread "pool-1-thread-1" [_thread_blocked, id=8068, stack(0x000000001a4b0000,0x000000001a5b0000)]
  0x0000000017dda000 JavaThread "Incoming local TCP Connector on port 38493" [_thread_in_native, id=8388, stack(0x0000000018ca0000,0x0000000018da0000)]
  0x0000000017ced800 JavaThread "Service Thread" daemon [_thread_blocked, id=4600, stack(0x00000000182a0000,0x00000000183a0000)]
  0x0000000017ce9000 JavaThread "C1 CompilerThread2" daemon [_thread_blocked, id=8760, stack(0x00000000181a0000,0x00000000182a0000)]
  0x00000000165ab800 JavaThread "C2 CompilerThread1" daemon [_thread_blocked, id=3640, stack(0x00000000180a0000,0x00000000181a0000)]
  0x0000000016553000 JavaThread "C2 CompilerThread0" daemon [_thread_blocked, id=9744, stack(0x0000000017ba0000,0x0000000017ca0000)]
  0x0000000016552000 JavaThread "Attach Listener" daemon [_thread_blocked, id=8600, stack(0x0000000017aa0000,0x0000000017ba0000)]
  0x00000000165a0800 JavaThread "Signal Dispatcher" daemon [_thread_blocked, id=8252, stack(0x00000000179a0000,0x0000000017aa0000)]
  0x0000000002bd5000 JavaThread "Finalizer" daemon [_thread_blocked, id=4116, stack(0x00000000177b0000,0x00000000178b0000)]
  0x0000000002bcf800 JavaThread "Reference Handler" daemon [_thread_blocked, id=6524, stack(0x00000000176b0000,0x00000000177b0000)]
  0x0000000002ae0800 JavaThread "main" [_thread_blocked, id=9024, stack(0x0000000002950000,0x0000000002a50000)]

Other Threads:
  0x0000000016515000 VMThread [stack: 0x00000000175b0000,0x00000000176b0000] [id=7832]
  0x0000000017cef800 WatcherThread [stack: 0x00000000183a0000,0x00000000184a0000] [id=8968]

VM state:not at safepoint (normal execution)

VM Mutex/Monitor currently owned by a thread: None

Heap:
 PSYoungGen      total 437760K, used 147160K [0x00000000e0000000, 0x0000000100000000, 0x0000000100000000)
  eden space 356864K, 29% used [0x00000000e0000000,0x00000000e6571060,0x00000000f5c80000)
  from space 80896K, 53% used [0x00000000f5c80000,0x00000000f86c5390,0x00000000fab80000)
  to   space 82944K, 0% used [0x00000000faf00000,0x00000000faf00000,0x0000000100000000)
 ParOldGen       total 252416K, used 67580K [0x00000000a0000000, 0x00000000af680000, 0x00000000e0000000)
  object space 252416K, 26% used [0x00000000a0000000,0x00000000a41ff130,0x00000000af680000)
 Metaspace       used 80476K, capacity 87220K, committed 87552K, reserved 1126400K
  class space    used 10061K, capacity 11105K, committed 11264K, reserved 1048576K

Card table byte_map: [0x0000000011fa0000,0x00000000122b0000] byte_map_base: 0x0000000011aa0000

Marking Bits: (ParMarkBitMap*) 0x0000000058f09d00
 Begin Bits: [0x00000000128b0000, 0x00000000140b0000)
 End Bits:   [0x00000000140b0000, 0x00000000158b0000)

Polling page: 0x0000000000c40000

CodeCache: size=245760Kb used=77023Kb max_used=77124Kb free=168736Kb
 bounds [0x0000000002be0000, 0x00000000077b0000, 0x0000000011be0000]
 total_blobs=20379 nmethods=19516 adapters=774
 compilation: enabled

Compilation events (10 events):
Event: 7385.281 Thread 0x0000000017ce9000 26954       3       com.android.build.gradle.internal.pipeline.ImmutableJarInput::toString (69 bytes)
Event: 7385.284 Thread 0x0000000017ce9000 nmethod 26954 0x000000000359bcd0 code [0x000000000359c160, 0x000000000359f4c8]
Event: 7385.306 Thread 0x0000000016553000 26955   !   4       com.android.dx.command.dexer.Main::processFileBytes (289 bytes)
Event: 7385.406 Thread 0x0000000016553000 nmethod 26955 0x000000000432e8d0 code [0x000000000432eb40, 0x0000000004330c00]
Event: 7385.416 Thread 0x0000000017ce9000 26956       1       com.android.dx.rop.code.Insn$BaseVisitor::visitFillArrayDataInsn (1 bytes)
Event: 7385.416 Thread 0x0000000017ce9000 nmethod 26956 0x00000000044f9dd0 code [0x00000000044f9f20, 0x00000000044fa030]
Event: 7385.418 Thread 0x0000000017ce9000 26957       3       com.android.dx.dex.code.ArrayData::<init> (189 bytes)
Event: 7385.419 Thread 0x0000000017ce9000 nmethod 26957 0x00000000042ff8d0 code [0x00000000042ffae0, 0x00000000043004a8]
Event: 7385.422 Thread 0x0000000017ce9000 26958       3       com.android.dx.dex.code.RopTranslator$TranslationVisitor::visitFillArrayDataInsn (126 bytes)
Event: 7385.425 Thread 0x0000000017ce9000 nmethod 26958 0x00000000043336d0 code [0x00000000043339e0, 0x00000000043355e8]

GC Heap History (10 events):
Event: 7233.438 GC heap before
{Heap before GC invocations=92 (full 17):
 PSYoungGen      total 432640K, used 347174K [0x00000000e0000000, 0x0000000100000000, 0x0000000100000000)
  eden space 350208K, 85% used [0x00000000e0000000,0x00000000f24abf08,0x00000000f5600000)
  from space 82432K, 57% used [0x00000000fa900000,0x00000000fd75dbd8,0x00000000ff980000)
  to   space 84992K, 0% used [0x00000000f5600000,0x00000000f5600000,0x00000000fa900000)
 ParOldGen       total 252416K, used 64214K [0x00000000a0000000, 0x00000000af680000, 0x00000000e0000000)
  object space 252416K, 25% used [0x00000000a0000000,0x00000000a3eb5a18,0x00000000af680000)
 Metaspace       used 80170K, capacity 86702K, committed 87040K, reserved 1124352K
  class space    used 10023K, capacity 11044K, committed 11264K, reserved 1048576K
Event: 7233.443 GC heap after
Heap after GC invocations=92 (full 17):
 PSYoungGen      total 435200K, used 6157K [0x00000000e0000000, 0x00000000ffe80000, 0x0000000100000000)
  eden space 350208K, 0% used [0x00000000e0000000,0x00000000e0000000,0x00000000f5600000)
  from space 84992K, 7% used [0x00000000f5600000,0x00000000f5c036c8,0x00000000fa900000)
  to   space 82944K, 0% used [0x00000000fad80000,0x00000000fad80000,0x00000000ffe80000)
 ParOldGen       total 252416K, used 64222K [0x00000000a0000000, 0x00000000af680000, 0x00000000e0000000)
  object space 252416K, 25% used [0x00000000a0000000,0x00000000a3eb7a18,0x00000000af680000)
 Metaspace       used 80170K, capacity 86702K, committed 87040K, reserved 1124352K
  class space    used 10023K, capacity 11044K, committed 11264K, reserved 1048576K
}
Event: 7233.443 GC heap before
{Heap before GC invocations=93 (full 18):
 PSYoungGen      total 435200K, used 6157K [0x00000000e0000000, 0x00000000ffe80000, 0x0000000100000000)
  eden space 350208K, 0% used [0x00000000e0000000,0x00000000e0000000,0x00000000f5600000)
  from space 84992K, 7% used [0x00000000f5600000,0x00000000f5c036c8,0x00000000fa900000)
  to   space 82944K, 0% used [0x00000000fad80000,0x00000000fad80000,0x00000000ffe80000)
 ParOldGen       total 252416K, used 64222K [0x00000000a0000000, 0x00000000af680000, 0x00000000e0000000)
  object space 252416K, 25% used [0x00000000a0000000,0x00000000a3eb7a18,0x00000000af680000)
 Metaspace       used 80170K, capacity 86702K, committed 87040K, reserved 1124352K
  class space    used 10023K, capacity 11044K, committed 11264K, reserved 1048576K
Event: 7233.777 GC heap after
Heap after GC invocations=93 (full 18):
 PSYoungGen      total 435200K, used 0K [0x00000000e0000000, 0x00000000ffe80000, 0x0000000100000000)
  eden space 350208K, 0% used [0x00000000e0000000,0x00000000e0000000,0x00000000f5600000)
  from space 84992K, 0% used [0x00000000f5600000,0x00000000f5600000,0x00000000fa900000)
  to   space 82944K, 0% used [0x00000000fad80000,0x00000000fad80000,0x00000000ffe80000)
 ParOldGen       total 252416K, used 69121K [0x00000000a0000000, 0x00000000af680000, 0x00000000e0000000)
  object space 252416K, 27% used [0x00000000a0000000,0x00000000a43804a8,0x00000000af680000)
 Metaspace       used 80170K, capacity 86702K, committed 87040K, reserved 1124352K
  class space    used 10023K, capacity 11044K, committed 11264K, reserved 1048576K
}
Event: 7378.105 GC heap before
{Heap before GC invocations=94 (full 18):
 PSYoungGen      total 435200K, used 138641K [0x00000000e0000000, 0x00000000ffe80000, 0x0000000100000000)
  eden space 350208K, 39% used [0x00000000e0000000,0x00000000e8764648,0x00000000f5600000)
  from space 84992K, 0% used [0x00000000f5600000,0x00000000f5600000,0x00000000fa900000)
  to   space 82944K, 0% used [0x00000000fad80000,0x00000000fad80000,0x00000000ffe80000)
 ParOldGen       total 252416K, used 69121K [0x00000000a0000000, 0x00000000af680000, 0x00000000e0000000)
  object space 252416K, 27% used [0x00000000a0000000,0x00000000a43804a8,0x00000000af680000)
 Metaspace       used 80238K, capacity 86820K, committed 87040K, reserved 1124352K
  class space    used 10034K, capacity 11057K, committed 11264K, reserved 1048576K
Event: 7378.117 GC heap after
Heap after GC invocations=94 (full 18):
 PSYoungGen      total 435712K, used 3632K [0x00000000e0000000, 0x00000000ffa80000, 0x0000000100000000)
  eden space 356864K, 0% used [0x00000000e0000000,0x00000000e0000000,0x00000000f5c80000)
  from space 78848K, 4% used [0x00000000fad80000,0x00000000fb10c010,0x00000000ffa80000)
  to   space 80896K, 0% used [0x00000000f5c80000,0x00000000f5c80000,0x00000000fab80000)
 ParOldGen       total 252416K, used 69121K [0x00000000a0000000, 0x00000000af680000, 0x00000000e0000000)
  object space 252416K, 27% used [0x00000000a0000000,0x00000000a43804a8,0x00000000af680000)
 Metaspace       used 80238K, capacity 86820K, committed 87040K, reserved 1124352K
  class space    used 10034K, capacity 11057K, committed 11264K, reserved 1048576K
}
Event: 7378.117 GC heap before
{Heap before GC invocations=95 (full 19):
 PSYoungGen      total 435712K, used 3632K [0x00000000e0000000, 0x00000000ffa80000, 0x0000000100000000)
  eden space 356864K, 0% used [0x00000000e0000000,0x00000000e0000000,0x00000000f5c80000)
  from space 78848K, 4% used [0x00000000fad80000,0x00000000fb10c010,0x00000000ffa80000)
  to   space 80896K, 0% used [0x00000000f5c80000,0x00000000f5c80000,0x00000000fab80000)
 ParOldGen       total 252416K, used 69121K [0x00000000a0000000, 0x00000000af680000, 0x00000000e0000000)
  object space 252416K, 27% used [0x00000000a0000000,0x00000000a43804a8,0x00000000af680000)
 Metaspace       used 80238K, capacity 86820K, committed 87040K, reserved 1124352K
  class space    used 10034K, capacity 11057K, committed 11264K, reserved 1048576K
Event: 7378.484 GC heap after
Heap after GC invocations=95 (full 19):
 PSYoungGen      total 435712K, used 0K [0x00000000e0000000, 0x00000000ffa80000, 0x0000000100000000)
  eden space 356864K, 0% used [0x00000000e0000000,0x00000000e0000000,0x00000000f5c80000)
  from space 78848K, 0% used [0x00000000fad80000,0x00000000fad80000,0x00000000ffa80000)
  to   space 80896K, 0% used [0x00000000f5c80000,0x00000000f5c80000,0x00000000fab80000)
 ParOldGen       total 252416K, used 67572K [0x00000000a0000000, 0x00000000af680000, 0x00000000e0000000)
  object space 252416K, 26% used [0x00000000a0000000,0x00000000a41fd130,0x00000000af680000)
 Metaspace       used 80238K, capacity 86820K, committed 87040K, reserved 1124352K
  class space    used 10034K, capacity 11057K, committed 11264K, reserved 1048576K
}
Event: 7385.494 GC heap before
{Heap before GC invocations=96 (full 19):
 PSYoungGen      total 435712K, used 356864K [0x00000000e0000000, 0x00000000ffa80000, 0x0000000100000000)
  eden space 356864K, 100% used [0x00000000e0000000,0x00000000f5c80000,0x00000000f5c80000)
  from space 78848K, 0% used [0x00000000fad80000,0x00000000fad80000,0x00000000ffa80000)
  to   space 80896K, 0% used [0x00000000f5c80000,0x00000000f5c80000,0x00000000fab80000)
 ParOldGen       total 252416K, used 67572K [0x00000000a0000000, 0x00000000af680000, 0x00000000e0000000)
  object space 252416K, 26% used [0x00000000a0000000,0x00000000a41fd130,0x00000000af680000)
 Metaspace       used 80476K, capacity 87220K, committed 87552K, reserved 1126400K
  class space    used 10061K, capacity 11105K, committed 11264K, reserved 1048576K
Event: 7385.543 GC heap after
Heap after GC invocations=96 (full 19):
 PSYoungGen      total 437760K, used 43284K [0x00000000e0000000, 0x0000000100000000, 0x0000000100000000)
  eden space 356864K, 0% used [0x00000000e0000000,0x00000000e0000000,0x00000000f5c80000)
  from space 80896K, 53% used [0x00000000f5c80000,0x00000000f86c5390,0x00000000fab80000)
  to   space 82944K, 0% used [0x00000000faf00000,0x00000000faf00000,0x0000000100000000)
 ParOldGen       total 252416K, used 67580K [0x00000000a0000000, 0x00000000af680000, 0x00000000e0000000)
  object space 252416K, 26% used [0x00000000a0000000,0x00000000a41ff130,0x00000000af680000)
 Metaspace       used 80476K, capacity 87220K, committed 87552K, reserved 1126400K
  class space    used 10061K, capacity 11105K, committed 11264K, reserved 1048576K
}

Deoptimization events (10 events):
Event: 6776.155 Thread 0x00000000207c8800 Uncommon trap: reason=speculate_class_check action=maybe_recompile pc=0x000000000653a074 method=com.android.dx.rop.cst.TypedConstant.getBasicType()I @ 1
Event: 6776.386 Thread 0x00000000207c1000 Uncommon trap: reason=array_check action=maybe_recompile pc=0x00000000050861c0 method=java.util.ComparableTimSort.mergeLo(IIII)V @ 133
Event: 6776.732 Thread 0x0000000019b17000 Uncommon trap: reason=null_check action=make_not_entrant pc=0x0000000003317574 method=com.android.dx.dex.code.LocalList$MakeState.checkForEmptyRange(ILcom/android/dx/rop/code/RegisterSpec;)Z @ 119
Event: 7378.050 Thread 0x00000000205e7000 Uncommon trap: reason=unstable_if action=reinterpret pc=0x0000000002ee4380 method=com.sun.tools.javac.parser.JavacParser.accept(Lcom/sun/tools/javac/parser/Tokens$TokenKind;)V @ 8
Event: 7378.060 Thread 0x00000000205e7000 Uncommon trap: reason=class_check action=maybe_recompile pc=0x0000000005f4bd78 method=java.util.Formatter$FormatSpecifier.print(Ljava/lang/Object;Ljava/util/Locale;)V @ 201
Event: 7378.060 Thread 0x00000000205e7000 Uncommon trap: reason=bimorphic action=maybe_recompile pc=0x00000000045e68dc method=org.gradle.internal.logging.text.AbstractStyledTextOutput.text(Ljava/lang/Object;)Lorg/gradle/internal/logging/text/StyledTextOutput; @ 11
Event: 7383.118 Thread 0x00000000205e7000 Uncommon trap: reason=class_check action=maybe_recompile pc=0x0000000007701a24 method=org.gradle.model.internal.core.AbstractModelAction.<init>(Lorg/gradle/model/internal/core/ModelReference;Lorg/gradle/model/internal/core/rule/describe/ModelRuleDescriptor»±MN×¼@
Event: 7383.118 Thread 0x00000000205e7000 Uncommon trap: reason=class_check action=maybe_recompile pc=0x0000000007701a24 method=org.gradle.model.internal.core.AbstractModelAction.<init>(Lorg/gradle/model/internal/core/ModelReference;Lorg/gradle/model/internal/core/rule/describe/ModelRuleDescriptorßîG~×¼@
Event: 7383.119 Thread 0x00000000205e7000 Uncommon trap: reason=class_check action=maybe_recompile pc=0x0000000007701a24 method=org.gradle.model.internal.core.AbstractModelAction.<init>(Lorg/gradle/model/internal/core/ModelReference;Lorg/gradle/model/internal/core/rule/describe/ModelRuleDescriptorhÞAƒ×¼@
Event: 7383.119 Thread 0x00000000205e7000 Uncommon trap: reason=class_check action=maybe_recompile pc=0x0000000007701a24 method=org.gradle.model.internal.core.AbstractModelAction.<init>(Lorg/gradle/model/internal/core/ModelReference;Lorg/gradle/model/internal/core/rule/describe/ModelRuleDescriptorÞéŽ'xº@

Internal exceptions (10 events):
Event: 6926.133 Thread 0x00000000207be800 Exception <a 'java/lang/ClassNotFoundException': asLocalRepo405_6jyhramvdbg6ymnjry7wuqsuqCustomizer> (0x00000000e00b1cc0) thrown at [C:\src\android\AOSP-openjdk\external\jetbrains\jdk\hotspot\src\share\vm\classfile\systemDictionary.cpp, line 210]
Event: 6978.616 Thread 0x00000000207be800 Exception <a 'java/lang/ClassNotFoundException': asLocalRepo994_f2jdhhrgtzyhvzubvvnbqh2c5BeanInfo> (0x00000000f3177d00) thrown at [C:\src\android\AOSP-openjdk\external\jetbrains\jdk\hotspot\src\share\vm\classfile\systemDictionary.cpp, line 210]
Event: 6978.616 Thread 0x00000000207be800 Exception <a 'java/lang/ClassNotFoundException': asLocalRepo994_f2jdhhrgtzyhvzubvvnbqh2c5Customizer> (0x00000000f3181850) thrown at [C:\src\android\AOSP-openjdk\external\jetbrains\jdk\hotspot\src\share\vm\classfile\systemDictionary.cpp, line 210]
Event: 7229.322 Thread 0x00000000205e1000 Exception <a 'java/lang/ClassNotFoundException': asLocalRepo517_9lob86p89ph6hwcfc51pys8fuBeanInfo> (0x00000000f0d32250) thrown at [C:\src\android\AOSP-openjdk\external\jetbrains\jdk\hotspot\src\share\vm\classfile\systemDictionary.cpp, line 210]
Event: 7229.322 Thread 0x00000000205e1000 Exception <a 'java/lang/ClassNotFoundException': asLocalRepo517_9lob86p89ph6hwcfc51pys8fuCustomizer> (0x00000000f0d3bda0) thrown at [C:\src\android\AOSP-openjdk\external\jetbrains\jdk\hotspot\src\share\vm\classfile\systemDictionary.cpp, line 210]
Event: 7377.029 Thread 0x00000000205e7000 Exception <a 'java/lang/ClassNotFoundException': asLocalRepo840_4xu2wkm2l4a0flqee3sbzd63tBeanInfo> (0x00000000e05c6ac0) thrown at [C:\src\android\AOSP-openjdk\external\jetbrains\jdk\hotspot\src\share\vm\classfile\systemDictionary.cpp, line 210]
Event: 7377.030 Thread 0x00000000205e7000 Exception <a 'java/lang/ClassNotFoundException': asLocalRepo840_4xu2wkm2l4a0flqee3sbzd63tCustomizer> (0x00000000e05d0610) thrown at [C:\src\android\AOSP-openjdk\external\jetbrains\jdk\hotspot\src\share\vm\classfile\systemDictionary.cpp, line 210]
Event: 7378.057 Thread 0x00000000205e7000 Exception <a 'java/lang/reflect/InvocationTargetException'> (0x00000000e852e210) thrown at [C:\src\android\AOSP-openjdk\external\jetbrains\jdk\hotspot\src\share\vm\runtime\reflection.cpp, line 1092]
Event: 7383.095 Thread 0x00000000205e7000 Exception <a 'java/lang/ClassNotFoundException': asLocalRepo995_36yhfzfb52wyyxshvv68k4eprBeanInfo> (0x00000000e00a8118) thrown at [C:\src\android\AOSP-openjdk\external\jetbrains\jdk\hotspot\src\share\vm\classfile\systemDictionary.cpp, line 210]
Event: 7383.096 Thread 0x00000000205e7000 Exception <a 'java/lang/ClassNotFoundException': asLocalRepo995_36yhfzfb52wyyxshvv68k4eprCustomizer> (0x00000000e00b1c68) thrown at [C:\src\android\AOSP-openjdk\external\jetbrains\jdk\hotspot\src\share\vm\classfile\systemDictionary.cpp, line 210]

Events (10 events):
Event: 7385.288 Thread 0x00000000205eb000 Thread added: 0x00000000205eb000
Event: 7385.289 Thread 0x0000000019b1a000 Thread added: 0x0000000019b1a000
Event: 7385.407 Thread 0x0000000016553000 flushing nmethod 0x00000000050cee90
Event: 7385.417 Thread 0x0000000017ce9000 flushing nmethod 0x000000000549e810
Event: 7385.419 Thread 0x0000000017ce9000 flushing nmethod 0x00000000058018d0
Event: 7385.421 Thread 0x0000000017ce9000 flushing nmethod 0x0000000005b9bb50
Event: 7385.427 Thread 0x0000000017ce9000 flushing nmethod 0x00000000064a2610
Event: 7385.494 Executing VM operation: ParallelGCFailedAllocation
Event: 7385.543 Executing VM operation: ParallelGCFailedAllocation done
Event: 7385.692 Thread 0x00000000205eb000 Thread exited: 0x00000000205eb000


Dynamic libraries:
0x00007ff791150000 - 0x00007ff791181000 	C:\Program Files\Android\Android Studio\jre\bin\java.exe
0x00007ff8969a0000 - 0x00007ff896b71000 	C:\Windows\SYSTEM32\ntdll.dll
0x00007ff896380000 - 0x00007ff89642b000 	C:\Windows\System32\KERNEL32.DLL
0x00007ff893b50000 - 0x00007ff893d6d000 	C:\Windows\System32\KERNELBASE.dll
0x00007ff8967c0000 - 0x00007ff896862000 	C:\Windows\System32\ADVAPI32.dll
0x00007ff8962e0000 - 0x00007ff89637e000 	C:\Windows\System32\msvcrt.dll
0x00007ff8960d0000 - 0x00007ff896129000 	C:\Windows\System32\sechost.dll
0x00007ff896870000 - 0x00007ff896991000 	C:\Windows\System32\RPCRT4.dll
0x00007ff896590000 - 0x00007ff8966f5000 	C:\Windows\System32\USER32.dll
0x00007ff893100000 - 0x00007ff89311e000 	C:\Windows\System32\win32u.dll
0x00007ff896430000 - 0x00007ff896464000 	C:\Windows\System32\GDI32.dll
0x00007ff893180000 - 0x00007ff893302000 	C:\Windows\System32\gdi32full.dll
0x00007ff88a4a0000 - 0x00007ff88a71a000 	C:\Windows\WinSxS\amd64_microsoft.windows.common-controls_6595b64144ccf1df_6.0.14393.953_none_42151e83c686086b\COMCTL32.dll
0x00007ff895ca0000 - 0x00007ff895f68000 	C:\Windows\System32\combase.dll
0x00007ff893e30000 - 0x00007ff893f25000 	C:\Windows\System32\ucrtbase.dll
0x00007ff893dc0000 - 0x00007ff893e2a000 	C:\Windows\System32\bcryptPrimitives.dll
0x00007ff894650000 - 0x00007ff89467e000 	C:\Windows\System32\IMM32.DLL
0x00000000591e0000 - 0x00000000592b2000 	C:\Program Files\Android\Android Studio\jre\jre\bin\msvcr100.dll
0x0000000058750000 - 0x0000000058f84000 	C:\Program Files\Android\Android Studio\jre\jre\bin\server\jvm.dll
0x00007ff896130000 - 0x00007ff896138000 	C:\Windows\System32\PSAPI.DLL
0x00007ff88a0d0000 - 0x00007ff88a0d9000 	C:\Windows\SYSTEM32\WSOCK32.dll
0x00007ff886e00000 - 0x00007ff886e0a000 	C:\Windows\SYSTEM32\VERSION.dll
0x00007ff890d40000 - 0x00007ff890d63000 	C:\Windows\SYSTEM32\WINMM.dll
0x00007ff890cc0000 - 0x00007ff890ceb000 	C:\Windows\SYSTEM32\WINMMBASE.dll
0x00007ff893d70000 - 0x00007ff893db2000 	C:\Windows\System32\cfgmgr32.dll
0x00007ff895c30000 - 0x00007ff895c9a000 	C:\Windows\System32\WS2_32.dll
0x00007ff88c6d0000 - 0x00007ff88c6df000 	C:\Program Files\Android\Android Studio\jre\jre\bin\verify.dll
0x00007ff88ab70000 - 0x00007ff88ab99000 	C:\Program Files\Android\Android Studio\jre\jre\bin\java.dll
0x00007ff88b960000 - 0x00007ff88b976000 	C:\Program Files\Android\Android Studio\jre\jre\bin\zip.dll
0x00007ff894720000 - 0x00007ff895c28000 	C:\Windows\System32\SHELL32.dll
0x00007ff893310000 - 0x00007ff8939ea000 	C:\Windows\System32\windows.storage.dll
0x00007ff892e20000 - 0x00007ff892e6c000 	C:\Windows\System32\powrprof.dll
0x00007ff896530000 - 0x00007ff896582000 	C:\Windows\System32\shlwapi.dll
0x00007ff892e80000 - 0x00007ff892e8f000 	C:\Windows\System32\kernel.appcore.dll
0x00007ff893aa0000 - 0x00007ff893b49000 	C:\Windows\System32\shcore.dll
0x00007ff892e00000 - 0x00007ff892e14000 	C:\Windows\System32\profapi.dll
0x00007ff88ab50000 - 0x00007ff88ab6a000 	C:\Program Files\Android\Android Studio\jre\jre\bin\net.dll
0x00007ff892730000 - 0x00007ff89278c000 	C:\Windows\system32\mswsock.dll
0x00007ff88ab30000 - 0x00007ff88ab41000 	C:\Program Files\Android\Android Studio\jre\jre\bin\nio.dll
0x00007ff889d70000 - 0x00007ff889d82000 	C:\Users\Nghia\.gradle\native\19\windows-amd64\native-platform.dll
0x00007ff8928d0000 - 0x00007ff8928e7000 	C:\Windows\SYSTEM32\CRYPTSP.dll
0x00007ff892330000 - 0x00007ff892363000 	C:\Windows\system32\rsaenh.dll
0x00007ff8929e0000 - 0x00007ff892a0b000 	C:\Windows\SYSTEM32\bcrypt.dll
0x00007ff8925b0000 - 0x00007ff8925cf000 	C:\Windows\SYSTEM32\USERENV.dll
0x00007ff8928f0000 - 0x00007ff8928fb000 	C:\Windows\SYSTEM32\CRYPTBASE.dll
0x00007ff8924a0000 - 0x00007ff8924d8000 	C:\Windows\SYSTEM32\IPHLPAPI.DLL
0x00007ff8945d0000 - 0x00007ff8945d8000 	C:\Windows\System32\NSI.dll
0x00007ff88d750000 - 0x00007ff88d766000 	C:\Windows\SYSTEM32\dhcpcsvc6.DLL
0x00007ff88d660000 - 0x00007ff88d67a000 	C:\Windows\SYSTEM32\dhcpcsvc.DLL
0x00007ff88bd90000 - 0x00007ff88bd9d000 	C:\Program Files\Android\Android Studio\jre\jre\bin\management.dll
0x00007ff8888c0000 - 0x00007ff888a53000 	C:\Program Files\Android\Android Studio\jre\jre\bin\awt.dll
0x00007ff896470000 - 0x00007ff89652f000 	C:\Windows\System32\OLEAUT32.dll
0x00007ff893060000 - 0x00007ff8930fc000 	C:\Windows\System32\msvcp_win.dll
0x00007ff8913a0000 - 0x00007ff89141a000 	C:\Windows\SYSTEM32\apphelp.dll
0x00007ff890c90000 - 0x00007ff890cb6000 	C:\Windows\system32\DWMAPI.DLL
0x00007ff891580000 - 0x00007ff891615000 	C:\Windows\system32\uxtheme.dll
0x00007ff884200000 - 0x00007ff884392000 	C:\Windows\SYSTEM32\dbghelp.dll

VM Arguments:
jvm_args: -Xmx1536m -Dfile.encoding=windows-1258 -Duser.country=US -Duser.language=en -Duser.variant 
java_command: org.gradle.launcher.daemon.bootstrap.GradleDaemon 2.14.1
java_class_path (initial): C:\Program Files\Android\Android Studio\gradle\gradle-2.14.1\lib\gradle-launcher-2.14.1.jar
Launcher Type: SUN_STANDARD

Environment Variables:
JAVA_HOME=C:\Program Files\Java\jdk1.8.0_121\jdk-8u121-windows-x64.exe
PATH=C:\Program Files\Java\jdk1.8.0_121\jdk-8u121-windows-x64.exe\bin;C:\ProgramData\Oracle\Java\javapath;C:\Windows\system32;C:\Windows;C:\Windows\System32\Wbem;C:\Windows\System32\WindowsPowerShell\v1.0\;C:\Program Files\Git\cmd;C:\Users\Nghia\AppData\Local\Microsoft\WindowsApps;
USERNAME=Nghia
OS=Windows_NT
PROCESSOR_IDENTIFIER=Intel64 Family 6 Model 42 Stepping 7, GenuineIntel



---------------  S Y S T E M  ---------------

OS: Windows 10.0 , 64 bit Build 14393 (10.0.14393.0)

CPU:total 4 (2 cores per cpu, 2 threads per core) family 6 model 42 stepping 7, cmov, cx8, fxsr, mmx, sse, sse2, sse3, ssse3, sse4.1, sse4.2, popcnt, avx, aes, clmul, ht, tsc, tscinvbit

Memory: 4k page, physical 8280232k(2380268k free), swap 9590952k(2284756k free)

vm_info: OpenJDK 64-Bit Server VM (25.76-b03) for windows-amd64 JRE (1.8.0_76-release-b03), built on Jun 29 2016 19:09:20 by "ralucas" with MS VC++ 10.0 (VS2010)

time: Tue Apr 18 10:51:52 2017
elapsed time: 7385 seconds (0d 2h 3m 5s)

